<?xml version="1.0" encoding="UTF-8"?>
<!-- Generated by org.testng.reporters.JUnitReportReporter -->
<testsuite hostname="LAPTOP-U3QH442D" failures="0" tests="2" name="com.orangehrmtestcases.orangehrmrecruitmenttestcase" time="30.624" errors="0" timestamp="2020-05-13T23:29:25 PDT" skipped="0">
  <testcase classname="com.orangehrmtestcases.orangehrmrecruitmenttestcase" name="addbutton" time="15.658"/>
  <system-out/>
  <testcase classname="com.orangehrmtestcases.orangehrmrecruitmenttestcase" name="recruitmentpage" time="14.966"/>
  <system-out/>
</testsuite> <!-- com.orangehrmtestcases.orangehrmrecruitmenttestcase -->
